
> servicioshogar@1.0.0 dev
> tsx src/index.ts --watch


node:internal/process/esm_loader:40
      internalBinding('errors').triggerUncaughtException(
                                ^
Error [ERR_MODULE_NOT_FOUND]: Cannot find module '/home/guille/Descargas/ServiciosHogar/ServiciosHogarAr/src/index.ts' imported from /home/guille/Descargas/ServiciosHogar/ServiciosHogarAr/
    at new NodeError (node:internal/errors:405:5)
    at finalizeResolution (node:internal/modules/esm/resolve:327:11)
    at moduleResolve (node:internal/modules/esm/resolve:980:10)
    at defaultResolve (node:internal/modules/esm/resolve:1193:11)
    at nextResolve (node:internal/modules/esm/hooks:864:28)
    at resolveBase (file:///home/guille/Descargas/ServiciosHogar/ServiciosHogarAr/node_modules/tsx/dist/esm/index.mjs?1754022048986:2:3811)
    at resolveDirectory (file:///home/guille/Descargas/ServiciosHogar/ServiciosHogarAr/node_modules/tsx/dist/esm/index.mjs?1754022048986:2:4310)
    at resolveTsPaths (file:///home/guille/Descargas/ServiciosHogar/ServiciosHogarAr/node_modules/tsx/dist/esm/index.mjs?1754022048986:2:5051)
    at resolve (file:///home/guille/Descargas/ServiciosHogar/ServiciosHogarAr/node_modules/tsx/dist/esm/index.mjs?1754022048986:2:5428)
    at nextResolve (node:internal/modules/esm/hooks:864:28) {
  url: 'file:///home/guille/Descargas/ServiciosHogar/ServiciosHogarAr/src/index.ts',
  code: 'ERR_MODULE_NOT_FOUND'
}

Node.js v18.19.0
